Arguments: 
  /usr/local/Cellar/node/7.10.0/bin/node /usr/local/bin/yarn start

PATH: 
  /Users/narekchang/.rvm/gems/ruby-2.4.1/bin:/Users/narekchang/.rvm/gems/ruby-2.4.1@global/bin:/Users/narekchang/.rvm/rubies/ruby-2.4.1/bin:/usr/local/bin:/usr/bin:/bin:/usr/sbin:/sbin:/Users/narekchang/.rvm/gems/ruby-2.4.1/bin:/Users/narekchang/.rvm/gems/ruby-2.4.1@global/bin:/Users/narekchang/.rvm/rubies/ruby-2.4.1/bin:/Users/narekchang/.rvm/bin:/Users/narekchang/.rvm/bin

Yarn version: 
  1.3.2

Node version: 
  9.4.0

Platform: 
  darwin x64

npm manifest: 
  {
    "name": "communities-system",
    "version": "1.0.0",
    "description": "Example project",
    "main": "webpack.config.js",
    "author": "Narek Changlyan",
    "license": "MIT",
    "scripts": {
      "start": "cross-env NODE_ENV=development webpack-dev-server --progress --profile --inline --hot --colors",
      "init": "cp _env .env; yarn install;",
      "build": "npm run clear && cross-env NODE_ENV=production webpack --bail",
    },
    "dependencies": {
      "react": "16.2.0",
      "react-dom": "16.2.0"
    },
    "devDependencies": {
      "webpack": "2.3.3",
      "html-webpack-plugin": "^2.30.1",
      "extract-text-webpack-plugin": "^2.1.1",
      "webpack-error-notification": "0.1.7",
      "circular-dependency-plugin": "^4.4.0",
      "webpack-bundle-analyzer": "^2.10.0",
      "webpack-dotenv-plugin": "2.0.0",
      "browser-sync-webpack-plugin": "^2.0.1"
    }
  }

yarn manifest: 
  No manifest

Lockfile: 
  # THIS IS AN AUTOGENERATED FILE. DO NOT EDIT THIS FILE DIRECTLY.
  # yarn lockfile v1

Trace: 
  SyntaxError: /Users/narekchang/Documents/projects/communities-system/frontend/package.json: Unexpected token } in JSON at position 423
      at JSON.parse (<anonymous>)
      at /usr/local/lib/node_modules/yarn/lib/cli.js:770:59
      at Generator.next (<anonymous>)
      at step (/usr/local/lib/node_modules/yarn/lib/cli.js:92:30)
      at /usr/local/lib/node_modules/yarn/lib/cli.js:103:13
      at <anonymous>
